0 info it worked if it ends with ok
1 verbose cli [ 'C:\\Program Files\\nodejs\\node.exe',
1 verbose cli   'C:\\Program Files\\nodejs\\node_modules\\npm\\bin\\npm-cli.js',
1 verbose cli   'start' ]
2 info using npm@3.10.10
3 info using node@v7.2.1
4 verbose run-script [ 'prestart', 'start', 'poststart' ]
5 info lifecycle jellydoodle-example-chatroom@1.0.0~prestart: jellydoodle-example-chatroom@1.0.0
6 verbose lifecycle jellydoodle-example-chatroom@1.0.0~prestart: unsafe-perm in lifecycle true
7 verbose lifecycle jellydoodle-example-chatroom@1.0.0~prestart: PATH: C:\Program Files\nodejs\node_modules\npm\bin\node-gyp-bin;C:\Users\JellyDoodle\Desktop\Projects\JellyDoodle\examples\ChatRoom\node_modules\.bin;C:\Users\JellyDoodle\bin;C:\Program Files\Git\mingw64\bin;C:\Program Files\Git\usr\local\bin;C:\Program Files\Git\usr\bin;C:\Program Files\Git\usr\bin;C:\Program Files\Git\mingw64\bin;C:\Program Files\Git\usr\bin;C:\Users\JellyDoodle\bin;C:\ProgramData\Oracle\Java\javapath;C:\Windows\system32;C:\Windows;C:\Windows\System32\Wbem;C:\Windows\System32\WindowsPowerShell\v1.0;C:\Program Files (x86)\Skype\Phone;C:\Program Files (x86)\NVIDIA Corporation\PhysX\Common;C:\Program Files\nodejs;C:\Program Files\Git\cmd;C:\Program Files\Common Files\Autodesk Shared;C:\Program Files (x86)\Autodesk\Backburner;C:\Program Files (x86)\Windows Kits\8.1\Windows Performance Toolkit;C:\Users\JellyDoodle\AppData\Roaming\npm;C:\Program Files\Docker Toolbox;C:\Users\JellyDoodle\AppData\Local\Programs\Python\Python36-32;C:\Users\JellyDoodle\AppData\Local\Programs\Python\Python36-32\Scripts;C:\Program Files\Git\usr\bin\vendor_perl;C:\Program Files\Git\usr\bin\core_perl
8 verbose lifecycle jellydoodle-example-chatroom@1.0.0~prestart: CWD: C:\Users\JellyDoodle\Desktop\Projects\JellyDoodle\examples\ChatRoom
9 silly lifecycle jellydoodle-example-chatroom@1.0.0~prestart: Args: [ '/d /s /c',
9 silly lifecycle   'babel client.js --out-dir http/js/ --no-comments --minify && babel server.js --out-dir ./ --out-file server.min.js --no-comments --minify' ]
10 silly lifecycle jellydoodle-example-chatroom@1.0.0~prestart: Returned: code: 1  signal: null
11 info lifecycle jellydoodle-example-chatroom@1.0.0~prestart: Failed to exec prestart script
12 verbose stack Error: jellydoodle-example-chatroom@1.0.0 prestart: `babel client.js --out-dir http/js/ --no-comments --minify && babel server.js --out-dir ./ --out-file server.min.js --no-comments --minify`
12 verbose stack Exit status 1
12 verbose stack     at EventEmitter.<anonymous> (C:\Program Files\nodejs\node_modules\npm\lib\utils\lifecycle.js:255:16)
12 verbose stack     at emitTwo (events.js:106:13)
12 verbose stack     at EventEmitter.emit (events.js:191:7)
12 verbose stack     at ChildProcess.<anonymous> (C:\Program Files\nodejs\node_modules\npm\lib\utils\spawn.js:40:14)
12 verbose stack     at emitTwo (events.js:106:13)
12 verbose stack     at ChildProcess.emit (events.js:191:7)
12 verbose stack     at maybeClose (internal/child_process.js:885:16)
12 verbose stack     at Process.ChildProcess._handle.onexit (internal/child_process.js:226:5)
13 verbose pkgid jellydoodle-example-chatroom@1.0.0
14 verbose cwd C:\Users\JellyDoodle\Desktop\Projects\JellyDoodle\examples\ChatRoom
15 error Windows_NT 6.1.7601
16 error argv "C:\\Program Files\\nodejs\\node.exe" "C:\\Program Files\\nodejs\\node_modules\\npm\\bin\\npm-cli.js" "start"
17 error node v7.2.1
18 error npm  v3.10.10
19 error code ELIFECYCLE
20 error jellydoodle-example-chatroom@1.0.0 prestart: `babel client.js --out-dir http/js/ --no-comments --minify && babel server.js --out-dir ./ --out-file server.min.js --no-comments --minify`
20 error Exit status 1
21 error Failed at the jellydoodle-example-chatroom@1.0.0 prestart script 'babel client.js --out-dir http/js/ --no-comments --minify && babel server.js --out-dir ./ --out-file server.min.js --no-comments --minify'.
21 error Make sure you have the latest version of node.js and npm installed.
21 error If you do, this is most likely a problem with the jellydoodle-example-chatroom package,
21 error not with npm itself.
21 error Tell the author that this fails on your system:
21 error     babel client.js --out-dir http/js/ --no-comments --minify && babel server.js --out-dir ./ --out-file server.min.js --no-comments --minify
21 error You can get information on how to open an issue for this project with:
21 error     npm bugs jellydoodle-example-chatroom
21 error Or if that isn't available, you can get their info via:
21 error     npm owner ls jellydoodle-example-chatroom
21 error There is likely additional logging output above.
22 verbose exit [ 1, true ]
